<?xml version="1.0" encoding="UTF-8"?>
<testsuite xmlns:xsi="http://www.w3.org/2001/XMLSchema-instance" xsi:noNamespaceSchemaLocation="https://maven.apache.org/surefire/maven-surefire-plugin/xsd/surefire-test-report-3.0.xsd" version="3.0" name="org.dao.clienteImplTest" time="1.009" tests="1" errors="0" skipped="0" failures="0">
  <properties>
[...]
</properties>
  <testcase name="testActualizar" classname="org.dao.clienteImplTest" time="0.961">
    <system-out><![CDATA[Actualizar
[EL Info]: 2023-11-02 15:34:21.697--ServerSession(1859383896)--EclipseLink, version: Eclipse Persistence Services - 2.7.12.v20230209-e5c4074ef3
[EL Warning]: 2023-11-02 15:34:22.148--ServerSession(1859383896)--Exception [EclipseLink-4002] (Eclipse Persistence Services - 2.7.12.v20230209-e5c4074ef3): org.eclipse.persistence.exceptions.DatabaseException
Internal Exception: java.sql.SQLSyntaxErrorException: Table 'empleado' already exists
Error Code: 1050
Call: CREATE TABLE store.empleado (idEmpleado INTEGER AUTO_INCREMENT NOT NULL, nombre VARCHAR(45), PRIMARY KEY (idEmpleado))
Query: DataModifyQuery(sql="CREATE TABLE store.empleado (idEmpleado INTEGER AUTO_INCREMENT NOT NULL, nombre VARCHAR(45), PRIMARY KEY (idEmpleado))")
[EL Warning]: 2023-11-02 15:34:22.154--ServerSession(1859383896)--Exception [EclipseLink-4002] (Eclipse Persistence Services - 2.7.12.v20230209-e5c4074ef3): org.eclipse.persistence.exceptions.DatabaseException
Internal Exception: java.sql.SQLSyntaxErrorException: Table 'venta' already exists
Error Code: 1050
Call: CREATE TABLE store.venta (idVenta INTEGER AUTO_INCREMENT NOT NULL, fecha DATE, idCliente INTEGER NOT NULL, idEmpleado INTEGER NOT NULL, PRIMARY KEY (idVenta))
Query: DataModifyQuery(sql="CREATE TABLE store.venta (idVenta INTEGER AUTO_INCREMENT NOT NULL, fecha DATE, idCliente INTEGER NOT NULL, idEmpleado INTEGER NOT NULL, PRIMARY KEY (idVenta))")
[EL Warning]: 2023-11-02 15:34:22.158--ServerSession(1859383896)--Exception [EclipseLink-4002] (Eclipse Persistence Services - 2.7.12.v20230209-e5c4074ef3): org.eclipse.persistence.exceptions.DatabaseException
Internal Exception: java.sql.SQLSyntaxErrorException: Table 'producto' already exists
Error Code: 1050
Call: CREATE TABLE store.producto (idProducto INTEGER AUTO_INCREMENT NOT NULL, nombre VARCHAR(45), precio SMALLINT, stock INTEGER, idCategoria INTEGER NOT NULL, idProveedor INTEGER NOT NULL, PRIMARY KEY (idProducto))
Query: DataModifyQuery(sql="CREATE TABLE store.producto (idProducto INTEGER AUTO_INCREMENT NOT NULL, nombre VARCHAR(45), precio SMALLINT, stock INTEGER, idCategoria INTEGER NOT NULL, idProveedor INTEGER NOT NULL, PRIMARY KEY (idProducto))")
[EL Warning]: 2023-11-02 15:34:22.161--ServerSession(1859383896)--Exception [EclipseLink-4002] (Eclipse Persistence Services - 2.7.12.v20230209-e5c4074ef3): org.eclipse.persistence.exceptions.DatabaseException
Internal Exception: java.sql.SQLSyntaxErrorException: Table 'detalle_venta' already exists
Error Code: 1050
Call: CREATE TABLE store.detalle_venta (idDetalle_Venta INTEGER AUTO_INCREMENT NOT NULL, cantidad VARCHAR(45), detalle VARCHAR(45), idProducto INTEGER NOT NULL, idVenta INTEGER NOT NULL, PRIMARY KEY (idDetalle_Venta))
Query: DataModifyQuery(sql="CREATE TABLE store.detalle_venta (idDetalle_Venta INTEGER AUTO_INCREMENT NOT NULL, cantidad VARCHAR(45), detalle VARCHAR(45), idProducto INTEGER NOT NULL, idVenta INTEGER NOT NULL, PRIMARY KEY (idDetalle_Venta))")
[EL Warning]: 2023-11-02 15:34:22.164--ServerSession(1859383896)--Exception [EclipseLink-4002] (Eclipse Persistence Services - 2.7.12.v20230209-e5c4074ef3): org.eclipse.persistence.exceptions.DatabaseException
Internal Exception: java.sql.SQLSyntaxErrorException: Table 'categoria' already exists
Error Code: 1050
Call: CREATE TABLE store.categoria (idCategoria INTEGER AUTO_INCREMENT NOT NULL, categoria VARCHAR(45), PRIMARY KEY (idCategoria))
Query: DataModifyQuery(sql="CREATE TABLE store.categoria (idCategoria INTEGER AUTO_INCREMENT NOT NULL, categoria VARCHAR(45), PRIMARY KEY (idCategoria))")
[EL Warning]: 2023-11-02 15:34:22.166--ServerSession(1859383896)--Exception [EclipseLink-4002] (Eclipse Persistence Services - 2.7.12.v20230209-e5c4074ef3): org.eclipse.persistence.exceptions.DatabaseException
Internal Exception: java.sql.SQLSyntaxErrorException: Table 'proveedor' already exists
Error Code: 1050
Call: CREATE TABLE store.proveedor (idProveedor INTEGER AUTO_INCREMENT NOT NULL, nombre VARCHAR(45), PRIMARY KEY (idProveedor))
Query: DataModifyQuery(sql="CREATE TABLE store.proveedor (idProveedor INTEGER AUTO_INCREMENT NOT NULL, nombre VARCHAR(45), PRIMARY KEY (idProveedor))")
[EL Warning]: 2023-11-02 15:34:22.169--ServerSession(1859383896)--Exception [EclipseLink-4002] (Eclipse Persistence Services - 2.7.12.v20230209-e5c4074ef3): org.eclipse.persistence.exceptions.DatabaseException
Internal Exception: java.sql.SQLSyntaxErrorException: Table 'cliente' already exists
Error Code: 1050
Call: CREATE TABLE store.cliente (idCliente INTEGER AUTO_INCREMENT NOT NULL, nombre VARCHAR(45), PRIMARY KEY (idCliente))
Query: DataModifyQuery(sql="CREATE TABLE store.cliente (idCliente INTEGER AUTO_INCREMENT NOT NULL, nombre VARCHAR(45), PRIMARY KEY (idCliente))")
[EL Warning]: 2023-11-02 15:34:22.171--ServerSession(1859383896)--Exception [EclipseLink-4002] (Eclipse Persistence Services - 2.7.12.v20230209-e5c4074ef3): org.eclipse.persistence.exceptions.DatabaseException
Internal Exception: java.sql.SQLException: Duplicate foreign key constraint name 'FK_venta_idEmpleado'
Error Code: 1826
Call: ALTER TABLE store.venta ADD CONSTRAINT FK_venta_idEmpleado FOREIGN KEY (idEmpleado) REFERENCES store.empleado (idEmpleado)
Query: DataModifyQuery(sql="ALTER TABLE store.venta ADD CONSTRAINT FK_venta_idEmpleado FOREIGN KEY (idEmpleado) REFERENCES store.empleado (idEmpleado)")
[EL Warning]: 2023-11-02 15:34:22.172--ServerSession(1859383896)--Exception [EclipseLink-4002] (Eclipse Persistence Services - 2.7.12.v20230209-e5c4074ef3): org.eclipse.persistence.exceptions.DatabaseException
Internal Exception: java.sql.SQLException: Duplicate foreign key constraint name 'FK_producto_idProveedor'
Error Code: 1826
Call: ALTER TABLE store.producto ADD CONSTRAINT FK_producto_idProveedor FOREIGN KEY (idProveedor) REFERENCES store.proveedor (idProveedor)
Query: DataModifyQuery(sql="ALTER TABLE store.producto ADD CONSTRAINT FK_producto_idProveedor FOREIGN KEY (idProveedor) REFERENCES store.proveedor (idProveedor)")
[EL Warning]: 2023-11-02 15:34:22.174--ServerSession(1859383896)--Exception [EclipseLink-4002] (Eclipse Persistence Services - 2.7.12.v20230209-e5c4074ef3): org.eclipse.persistence.exceptions.DatabaseException
Internal Exception: java.sql.SQLException: Duplicate foreign key constraint name 'FK_detalle_venta_idVenta'
Error Code: 1826
Call: ALTER TABLE store.detalle_venta ADD CONSTRAINT FK_detalle_venta_idVenta FOREIGN KEY (idVenta) REFERENCES store.venta (idVenta)
Query: DataModifyQuery(sql="ALTER TABLE store.detalle_venta ADD CONSTRAINT FK_detalle_venta_idVenta FOREIGN KEY (idVenta) REFERENCES store.venta (idVenta)")
]]></system-out>
  </testcase>
</testsuite>